
> godspeaks-frontend@0.1.0 build
> react-scripts build

node.exe : 
[baseline-browser-mapping] 
The data in this module is 
over two months old.  To 
ensure accurate Baseline 
data, please update: `npm i b
aseline-browser-mapping@lates
t -D`
At C:\Users\USER\AppData\Roam
ing\npm\npm.ps1:24 char:5
+     & "node$exe"  "$basedir
/node_modules/npm/bin/npm-cli
.js" $args
+     ~~~~~~~~~~~~~~~~~~~~~~~
~~~~~~~~~~~~~~~~~~~~~~~~~~~~~
~~~~~~~~~~
    + CategoryInfo           
   : NotSpecified: ([baseli  
  ne-brows...ping@latest -   
 D`:String) [], RemoteExc    
eption
    + FullyQualifiedErrorId  
   : NativeCommandError
 
(node:21824) [DEP0176] 
DeprecationWarning: fs.F_OK 
is deprecated, use 
fs.constants.F_OK instead
(Use `node 
--trace-deprecation ...` to 
show where the warning was 
created)
Creating an optimized production build...
[baseline-browser-mapping] 
The data in this module is 
over two months old.  To 
ensure accurate Baseline 
data, please update: `npm i b
aseline-browser-mapping@lates
t -D`
Compiled with warnings.

[eslint] 
src\components\Admin\ProductList.jsx
  Line 16:6:  React Hook useEffect has a missing dependency: 'fetchProducts'. Either include it or remove the dependency array  react-hooks/exhaustive-deps

src\context\AuthContext.jsx
  Line 2:20:  'registerApi' is defined but never used  no-unused-vars

src\pages\Customer\CustomerDashboard.jsx
  Line 29:7:   'AddressIcon' is assigned a value but never used          no-unused-vars
  Line 54:10:  'addressData' is assigned a value but never used          no-unused-vars
  Line 54:23:  'setAddressData' is assigned a value but never used       no-unused-vars
  Line 61:10:  'isEditingAddress' is assigned a value but never used     no-unused-vars
  Line 112:9:  'handleAddressUpdate' is assigned a value but never used  no-unused-vars

src\pages\Customer\ProductDetail.jsx
  Line 4:68:   'Form' is defined but never used                       no-unused-vars
  Line 4:74:   'ListGroup' is defined but never used                  no-unused-vars
  Line 4:85:   'InputGroup' is defined but never used                 no-unused-vars
  Line 7:21:   'addProductReviewApi' is defined but never used        no-unused-vars
  Line 7:42:   'joinWaitlistApi' is defined but never used            no-unused-vars
  Line 24:11:  'adminInfo' is assigned a value but never used         no-unused-vars
  Line 38:10:  'rating' is assigned a value but never used            no-unused-vars
  Line 38:18:  'setRating' is assigned a value but never used         no-unused-vars
  Line 39:10:  'comment' is assigned a value but never used           no-unused-vars
  Line 39:19:  'setComment' is assigned a value but never used        no-unused-vars
  Line 40:10:  'reviewLoading' is assigned a value but never used     no-unused-vars
  Line 40:25:  'setReviewLoading' is assigned a value but never used  no-unused-vars
  Line 41:10:  'reviewMessage' is assigned a value but never used     no-unused-vars
  Line 41:25:  'setReviewMessage' is assigned a value but never used  no-unused-vars

Search for the keywords to learn more about each warning.
To ignore, add // eslint-disable-next-line to the line before.

File sizes after gzip:

  358.94 kB  build\static\js\main.9b041d29.js
  32.78 kB   build\static\css\main.9bb4e8ff.css
  1.77 kB    build\static\js\453.6aa1f93f.chunk.js

The project was built assuming it is hosted at /.
You can control this with the homepage field in your package.json.

The build folder is ready to be deployed.
You may serve it with a static server:

  npm install -g serve
  serve -s build

Find out more about deployment here:

  https://cra.link/deployment

