node : D:\godspeaks\godspeaks
-backend\node_modules\express
\lib\router\route.js:216
At line:1 char:1
+ node server.js 2>&1 | 
out-file -encoding utf8 
error-utf8.log
+ ~~~~~~~~~~~~~~~~~~~
    + CategoryInfo           
   : NotSpecified: (D:\gods  
  peaks\go...er\route.js:2   
 16:String) [], RemoteExc    
eption
    + FullyQualifiedErrorId  
   : NativeCommandError
 
        throw new Error(msg);
        ^

Error: Route.post() requires 
a callback function but got 
a [object Undefined]
    at Route.<computed> [as 
post] (D:\godspeaks\godspeaks
-backend\node_modules\express
\lib\router\route.js:216:15)
    at proto.<computed> [as 
post] (D:\godspeaks\godspeaks
-backend\node_modules\express
\lib\router\index.js:521:19)
    at Object.<anonymous> (D:
\godspeaks\godspeaks-backend\
routes\authRoutes.js:35:8)
    at Module._compile (node:
internal/modules/cjs/loader:1
738:14)
    at Object..js (node:inter
nal/modules/cjs/loader:1871:1
0)
    at Module.load (node:inte
rnal/modules/cjs/loader:1470:
32)
    at Module._load (node:int
ernal/modules/cjs/loader:1290
:12)
    at 
TracingChannel.traceSync (nod
e:diagnostics_channel:322:14)
    at wrapModuleLoad (node:i
nternal/modules/cjs/loader:23
8:24)
    at Module.require (node:i
nternal/modules/cjs/loader:14
93:12)

Node.js v24.7.0
